[2024-06-28T21:01:07.509+0000] {manager.py:470} INFO - Processing files using up to 1 processes at a time 
[2024-06-28T21:01:07.512+0000] {manager.py:471} INFO - Process each file at most once every 30 seconds
[2024-06-28T21:01:07.514+0000] {manager.py:472} INFO - Checking for new files in /opt/airflow/dags every 300 seconds
[2024-06-28T21:01:07.516+0000] {manager.py:737} INFO - Searching for files in /opt/airflow/dags
[2024-06-28T21:01:07.545+0000] {manager.py:740} INFO - There are 1 files in /opt/airflow/dags
[2024-06-28T21:01:08.295+0000] {manager.py:878} INFO - 
================================================================================
DAG File Processing Stats

File Path                          PID    Runtime      # DAGs    # Errors  Last Runtime    Last Run
---------------------------------  -----  ---------  --------  ----------  --------------  -------------------
/opt/airflow/dags/kafka-stream.py                           0           0  0.51s           2024-06-28T21:01:08
================================================================================
[2024-06-28T21:01:39.717+0000] {manager.py:878} INFO - 
================================================================================
DAG File Processing Stats

File Path                          PID    Runtime      # DAGs    # Errors  Last Runtime    Last Run
---------------------------------  -----  ---------  --------  ----------  --------------  -------------------
/opt/airflow/dags/kafka-stream.py                           0           0  1.21s           2024-06-28T21:01:39
================================================================================
[2024-06-28T21:02:10.271+0000] {manager.py:878} INFO - 
================================================================================
DAG File Processing Stats

File Path                          PID    Runtime      # DAGs    # Errors  Last Runtime    Last Run
---------------------------------  -----  ---------  --------  ----------  --------------  -------------------
/opt/airflow/dags/kafka-stream.py                           0           0  0.41s           2024-06-28T21:02:10
================================================================================
[2024-06-28T21:02:41.724+0000] {manager.py:878} INFO - 
================================================================================
DAG File Processing Stats

File Path                          PID    Runtime      # DAGs    # Errors  Last Runtime    Last Run
---------------------------------  -----  ---------  --------  ----------  --------------  -------------------
/opt/airflow/dags/kafka-stream.py                           0           0  0.41s           2024-06-28T21:02:41
================================================================================
[2024-06-28T21:03:12.261+0000] {manager.py:878} INFO - 
================================================================================
DAG File Processing Stats

File Path                          PID    Runtime      # DAGs    # Errors  Last Runtime    Last Run
---------------------------------  -----  ---------  --------  ----------  --------------  -------------------
/opt/airflow/dags/kafka-stream.py                           0           0  0.41s           2024-06-28T21:03:12
================================================================================
[2024-06-28T21:03:42.966+0000] {manager.py:878} INFO - 
================================================================================
DAG File Processing Stats

File Path                          PID    Runtime      # DAGs    # Errors  Last Runtime    Last Run
---------------------------------  -----  ---------  --------  ----------  --------------  -------------------
/opt/airflow/dags/kafka-stream.py                           0           0  0.41s           2024-06-28T21:03:42
================================================================================
[2024-06-28T21:04:13.539+0000] {manager.py:878} INFO - 
================================================================================
DAG File Processing Stats

File Path                          PID    Runtime      # DAGs    # Errors  Last Runtime    Last Run
---------------------------------  -----  ---------  --------  ----------  --------------  -------------------
/opt/airflow/dags/kafka-stream.py                           0           0  0.41s           2024-06-28T21:04:13
================================================================================
[2024-06-28T21:04:44.768+0000] {manager.py:878} INFO - 
================================================================================
DAG File Processing Stats

File Path                          PID    Runtime      # DAGs    # Errors  Last Runtime    Last Run
---------------------------------  -----  ---------  --------  ----------  --------------  -------------------
/opt/airflow/dags/kafka-stream.py                           0           0  0.61s           2024-06-28T21:04:44
================================================================================
[2024-06-28T21:05:15.941+0000] {manager.py:878} INFO - 
================================================================================
DAG File Processing Stats

File Path                          PID    Runtime      # DAGs    # Errors  Last Runtime    Last Run
---------------------------------  -----  ---------  --------  ----------  --------------  -------------------
/opt/airflow/dags/kafka-stream.py                           0           0  0.51s           2024-06-28T21:05:15
================================================================================
[2024-06-28T21:05:48.083+0000] {manager.py:878} INFO - 
================================================================================
DAG File Processing Stats

File Path                          PID    Runtime      # DAGs    # Errors  Last Runtime    Last Run
---------------------------------  -----  ---------  --------  ----------  --------------  -------------------
/opt/airflow/dags/kafka-stream.py                           0           0  0.72s           2024-06-28T21:05:48
================================================================================
[2024-06-28T21:06:08.236+0000] {manager.py:737} INFO - Searching for files in /opt/airflow/dags
[2024-06-28T21:06:08.288+0000] {manager.py:740} INFO - There are 1 files in /opt/airflow/dags
[2024-06-28T21:06:19.712+0000] {manager.py:878} INFO - 
================================================================================
DAG File Processing Stats

File Path                          PID    Runtime      # DAGs    # Errors  Last Runtime    Last Run
---------------------------------  -----  ---------  --------  ----------  --------------  -------------------
/opt/airflow/dags/kafka-stream.py                           0           0  0.62s           2024-06-28T21:06:19
================================================================================
[2024-06-28T21:06:50.698+0000] {manager.py:878} INFO - 
================================================================================
DAG File Processing Stats

File Path                          PID    Runtime      # DAGs    # Errors  Last Runtime    Last Run
---------------------------------  -----  ---------  --------  ----------  --------------  -------------------
/opt/airflow/dags/kafka-stream.py                           0           1  0.41s           2024-06-28T21:06:50
================================================================================
[2024-06-28T21:07:21.880+0000] {manager.py:878} INFO - 
================================================================================
DAG File Processing Stats

File Path                          PID    Runtime      # DAGs    # Errors  Last Runtime    Last Run
---------------------------------  -----  ---------  --------  ----------  --------------  -------------------
/opt/airflow/dags/kafka-stream.py                           0           1  0.20s           2024-06-28T21:07:21
================================================================================
[2024-06-28T21:07:53.070+0000] {manager.py:878} INFO - 
================================================================================
DAG File Processing Stats

File Path                          PID    Runtime      # DAGs    # Errors  Last Runtime    Last Run
---------------------------------  -----  ---------  --------  ----------  --------------  -------------------
/opt/airflow/dags/kafka-stream.py                           0           1  0.20s           2024-06-28T21:07:53
================================================================================
[2024-06-28T21:08:24.258+0000] {manager.py:878} INFO - 
================================================================================
DAG File Processing Stats

File Path                          PID    Runtime      # DAGs    # Errors  Last Runtime    Last Run
---------------------------------  -----  ---------  --------  ----------  --------------  -------------------
/opt/airflow/dags/kafka-stream.py                           0           1  0.21s           2024-06-28T21:08:24
================================================================================
[2024-06-28T21:08:55.266+0000] {manager.py:878} INFO - 
================================================================================
DAG File Processing Stats

File Path                          PID    Runtime      # DAGs    # Errors  Last Runtime    Last Run
---------------------------------  -----  ---------  --------  ----------  --------------  -------------------
/opt/airflow/dags/kafka-stream.py                           0           1  0.20s           2024-06-28T21:08:55
================================================================================
[2024-06-28T21:09:25.522+0000] {manager.py:878} INFO - 
================================================================================
DAG File Processing Stats

File Path                          PID    Runtime      # DAGs    # Errors  Last Runtime    Last Run
---------------------------------  -----  ---------  --------  ----------  --------------  -------------------
/opt/airflow/dags/kafka-stream.py                           0           1  0.21s           2024-06-28T21:09:25
================================================================================
[2024-06-28T21:09:56.146+0000] {manager.py:878} INFO - 
================================================================================
DAG File Processing Stats

File Path                          PID    Runtime      # DAGs    # Errors  Last Runtime    Last Run
---------------------------------  -----  ---------  --------  ----------  --------------  -------------------
/opt/airflow/dags/kafka-stream.py                           0           1  0.41s           2024-06-28T21:09:56
================================================================================
[2024-06-28T21:10:27.377+0000] {manager.py:878} INFO - 
================================================================================
DAG File Processing Stats

File Path                          PID    Runtime      # DAGs    # Errors  Last Runtime    Last Run
---------------------------------  -----  ---------  --------  ----------  --------------  -------------------
/opt/airflow/dags/kafka-stream.py                           0           1  0.20s           2024-06-28T21:10:27
================================================================================
[2024-06-28T21:10:57.959+0000] {manager.py:878} INFO - 
================================================================================
DAG File Processing Stats

File Path                          PID    Runtime      # DAGs    # Errors  Last Runtime    Last Run
---------------------------------  -----  ---------  --------  ----------  --------------  -------------------
/opt/airflow/dags/kafka-stream.py                           0           1  0.31s           2024-06-28T21:10:31
================================================================================
[2024-06-28T21:11:08.282+0000] {manager.py:737} INFO - Searching for files in /opt/airflow/dags
[2024-06-28T21:11:08.354+0000] {manager.py:740} INFO - There are 1 files in /opt/airflow/dags
[2024-06-28T21:11:29.141+0000] {manager.py:878} INFO - 
================================================================================
DAG File Processing Stats

File Path                          PID    Runtime      # DAGs    # Errors  Last Runtime    Last Run
---------------------------------  -----  ---------  --------  ----------  --------------  -------------------
/opt/airflow/dags/kafka-stream.py                           0           1  0.31s           2024-06-28T21:11:02
================================================================================
[2024-06-28T21:11:59.541+0000] {manager.py:878} INFO - 
================================================================================
DAG File Processing Stats

File Path                          PID    Runtime      # DAGs    # Errors  Last Runtime    Last Run
---------------------------------  -----  ---------  --------  ----------  --------------  -------------------
/opt/airflow/dags/kafka-stream.py                           0           1  0.60s           2024-06-28T21:11:43
================================================================================
[2024-06-28T21:12:29.850+0000] {manager.py:878} INFO - 
================================================================================
DAG File Processing Stats

File Path                          PID    Runtime      # DAGs    # Errors  Last Runtime    Last Run
---------------------------------  -----  ---------  --------  ----------  --------------  -------------------
/opt/airflow/dags/kafka-stream.py                           0           1  0.31s           2024-06-28T21:12:29
================================================================================
[2024-06-28T21:13:00.511+0000] {manager.py:878} INFO - 
================================================================================
DAG File Processing Stats

File Path                          PID    Runtime      # DAGs    # Errors  Last Runtime    Last Run
---------------------------------  -----  ---------  --------  ----------  --------------  -------------------
/opt/airflow/dags/kafka-stream.py                           0           1  0.21s           2024-06-28T21:12:44
================================================================================
[2024-06-28T21:13:30.683+0000] {manager.py:878} INFO - 
================================================================================
DAG File Processing Stats

File Path                          PID    Runtime      # DAGs    # Errors  Last Runtime    Last Run
---------------------------------  -----  ---------  --------  ----------  --------------  -------------------
/opt/airflow/dags/kafka-stream.py                           0           1  0.20s           2024-06-28T21:13:15
================================================================================
[2024-06-28T21:14:00.947+0000] {manager.py:878} INFO - 
================================================================================
DAG File Processing Stats

File Path                          PID    Runtime      # DAGs    # Errors  Last Runtime    Last Run
---------------------------------  -----  ---------  --------  ----------  --------------  -------------------
/opt/airflow/dags/kafka-stream.py                           0           1  0.31s           2024-06-28T21:13:42
================================================================================
[2024-06-28T21:14:31.201+0000] {manager.py:878} INFO - 
================================================================================
DAG File Processing Stats

File Path                          PID    Runtime      # DAGs    # Errors  Last Runtime    Last Run
---------------------------------  -----  ---------  --------  ----------  --------------  -------------------
/opt/airflow/dags/kafka-stream.py                           0           1  0.71s           2024-06-28T21:14:22
================================================================================
[2024-06-28T21:15:01.334+0000] {manager.py:878} INFO - 
================================================================================
DAG File Processing Stats

File Path                          PID    Runtime      # DAGs    # Errors  Last Runtime    Last Run
---------------------------------  -----  ---------  --------  ----------  --------------  -------------------
/opt/airflow/dags/kafka-stream.py                           0           1  0.21s           2024-06-28T21:14:53
================================================================================
[2024-06-28T21:15:32.468+0000] {manager.py:878} INFO - 
================================================================================
DAG File Processing Stats

File Path                          PID    Runtime      # DAGs    # Errors  Last Runtime    Last Run
---------------------------------  -----  ---------  --------  ----------  --------------  -------------------
/opt/airflow/dags/kafka-stream.py                           0           1  0.20s           2024-06-28T21:15:23
================================================================================
